{"logLevel":"debug","message":"multithreading is set to false"}
{"logLevel":"debug","message":"Using reflection to scan dependencies for gauge implementations..."}
SLF4J: Failed to load class "org.slf4j.impl.StaticLoggerBinder".
SLF4J: Defaulting to no-operation (NOP) logger implementation
SLF4J: See http://www.slf4j.org/codes.html#StaticLoggerBinder for further details.
{"logLevel":"debug","message":"gauge-java took 1521milliseconds to load and scan. This should be less than 'runner_connection_timeout' config value."}
{"logLevel":"debug","message":"run 'gauge config runner_connection_timeout' and verify that it is < 1521"}
{"logLevel":"debug","message":"starting gRPC server..."}
{"logLevel":"debug","message":"started gRPC server on port 59981"}
{"logLevel":"info","message":"Listening on port:59981"}
{"logLevel":"debug","message":"Scanning packages for steps"}
{"logLevel":"debug","message":"Comparing 'StepImplementation.testUpdateHeight' and 'StepImplementation.testUpdateHeight'"}
{"logLevel":"debug","message":"Found height change in current project scope."}
{"logLevel":"debug","message":"Comparing 'StepImplementation.testUpdateWeight' and 'StepImplementation.testUpdateWeight'"}
{"logLevel":"debug","message":"Found weight change in current project scope."}
{"logLevel":"debug","message":"Comparing 'StepImplementation.sendText' and 'StepImplementation.sendText'"}
{"logLevel":"debug","message":"Found Open browser in current project scope."}
{"logLevel":"debug","message":"Comparing 'StepImplementation.testCallChange' and 'StepImplementation.testCallChange'"}
{"logLevel":"debug","message":"Found click button in current project scope."}
{"logLevel":"debug","message":"Scanning packages for hooks"}
{"logLevel":"debug","message":"Scanned steps (using static parsing + reflections): "}
{"logLevel":"debug","message":"\tOpen browser : public void sendText() throws InterruptedException"}
{"logLevel":"debug","message":"\tweight change : public void testUpdateWeight()"}
{"logLevel":"debug","message":"\tclick button : public void testCallChange()"}
{"logLevel":"debug","message":"\theight change : public void testUpdateHeight()"}
Tem 04, 2024 10:33:55 ÖS org.openqa.selenium.devtools.CdpVersionFinder findNearestMatch
WARNING: Unable to find an exact match for CDP version 126, returning the closest version; found: 125; Please update to a Selenium version that supports CDP version 126
{"logLevel":"debug","message":"Executing 'Open browser' using 'class StepImplementation.sendText"}
{"logLevel":"debug","message":"Executing 'weight change' using 'class StepImplementation.testUpdateWeight"}
{"logLevel":"debug","message":"Killing Java runner..."}
{"logLevel":"debug","message":"Stopping execution pool..."}
{"logLevel":"debug","message":"Shutting down grpc server..."}
{"logLevel":"debug","message":"Runner killed gracefully."}
